<?xml version="1.0" encoding="utf-8"?>
<testsuite errors="0" failures="0" name="unittest.suite.TestSuite" tests="1" time="14.136"><testcase classname="rostest.runner.RosTest" name="testdarknet_ros_object_detection" time="14.1364" /><system-out>&lt;![CDATA[
[ROSTEST]setup[/home/ana/collision_system_ws/src/darknet_ros/darknet_ros/test/object_detection.test] run_id[f3cca77c-1f2d-11eb-b0fe-80e82c15b99f] starting
&amp;#x001B;[1mstarted roslaunch server http://ana-OMENHP:44085/&amp;#x001B;[0m

SUMMARY
========

PARAMETERS
 * /darknet_ros/actions/camera_reading/name: /darknet_ros/chec...
 * /darknet_ros/config_path: /home/ana/collisi...
 * /darknet_ros/image_view/enable_console_output: True
 * /darknet_ros/image_view/enable_opencv: True
 * /darknet_ros/image_view/wait_key_delay: 600
 * /darknet_ros/publishers/bounding_boxes/latch: False
 * /darknet_ros/publishers/bounding_boxes/queue_size: 1
 * /darknet_ros/publishers/bounding_boxes/topic: /darknet_ros/boun...
 * /darknet_ros/publishers/detection_image/latch: True
 * /darknet_ros/publishers/detection_image/queue_size: 1
 * /darknet_ros/publishers/detection_image/topic: /darknet_ros/dete...
 * /darknet_ros/publishers/object_detector/latch: False
 * /darknet_ros/publishers/object_detector/queue_size: 1
 * /darknet_ros/publishers/object_detector/topic: /darknet_ros/foun...
 * /darknet_ros/subscribers/camera_reading/queue_size: 1
 * /darknet_ros/subscribers/camera_reading/topic: /camera/rgb/image...
 * /darknet_ros/weights_path: /home/ana/collisi...
 * /darknet_ros/yolo_model/config_file/name: yolov2.cfg
 * /darknet_ros/yolo_model/detection_classes/names: ['person', 'bicyc...
 * /darknet_ros/yolo_model/threshold/value: 0.5
 * /darknet_ros/yolo_model/weight_file/name: yolov2.weights
 * /rosdistro: kinetic
 * /rosversion: 1.12.16

NODES
  /
    darknet_ros (darknet_ros/darknet_ros)

[ROSTEST]setup[/home/ana/collision_system_ws/src/darknet_ros/darknet_ros/test/object_detection.test] run_id[f3cca77c-1f2d-11eb-b0fe-80e82c15b99f] done
[ROSTEST]Running test [darknet_ros_object_detection]
&amp;#x001B;[1mROS_MASTER_URI=http://ana-OMENHP:45775/&amp;#x001B;[0m
&amp;#x001B;[1msetting /run_id to f3cca77c-1f2d-11eb-b0fe-80e82c15b99f&amp;#x001B;[0m
&amp;#x001B;[1mprocess[darknet_ros-1]: started with pid [19248]&amp;#x001B;[0m
[ROSTEST]removing previous test results file [/home/ana/collision_system_ws/build/test_results/darknet_ros/rosunit-darknet_ros_object_detection.xml]
[ROSTEST]running test darknet_ros_object_detection
&amp;#x001B;[1mprocess[darknet_ros_object_detection-2]: started with pid [19249]&amp;#x001B;[0m
&amp;#x001B;[1m[darknet_ros_object_detection-2] process has finished cleanly
log file: /home/ana/.ros/log/f3cca77c-1f2d-11eb-b0fe-80e82c15b99f/darknet_ros_object_detection-2*.log&amp;#x001B;[0m
[ROSTEST]test [darknet_ros_object_detection] finished
[ROSTEST]test [darknet_ros_object_detection] results are in [/home/ana/collision_system_ws/build/test_results/darknet_ros/rosunit-darknet_ros_object_detection.xml]
[ROSTEST]test [darknet_ros_object_detection] results summary: 0 errors, 0 failures, 3 tests
[ROSTEST][ROSTEST] test [darknet_ros_object_detection] done
[ROSTEST]tearDown[/home/ana/collision_system_ws/src/darknet_ros/darknet_ros/test/object_detection.test]
shutting down processing monitor...
[darknet_ros-1] killing on exit
... shutting down processing monitor complete
[ROSTEST]rostest teardown /home/ana/collision_system_ws/src/darknet_ros/darknet_ros/test/object_detection.test complete

]]&gt;</system-out><system-err>&lt;![CDATA[

]]&gt;</system-err></testsuite>