<?xml version="1.0" encoding="UTF-8"?>
<testsuites tests="3" failures="0" disabled="2" errors="0" timestamp="2020-11-05T02:12:58" time="10.568" name="AllTests">
  <testsuite name="ObjectDetection" tests="3" failures="0" disabled="2" errors="0" time="10.568">
    <testcase name="DISABLED_DetectDog" status="notrun" time="0" classname="ObjectDetection" />
    <testcase name="DetectANYmal" status="run" time="10.568" classname="ObjectDetection" />
    <testcase name="DISABLED_DetectPerson" status="notrun" time="0" classname="ObjectDetection" />
  </testsuite>
</testsuites>
